<?xml version="1.0" encoding="UTF-8"?>
<testsuite xmlns:xsi="http://www.w3.org/2001/XMLSchema-instance" xsi:noNamespaceSchemaLocation="https://maven.apache.org/surefire/maven-surefire-plugin/xsd/surefire-test-report.xsd" name="TestSuite" time="11.561" tests="11" errors="0" skipped="0" failures="2">
  <properties>
    <property name="gopherProxySet" value="false"/>
    <property name="awt.toolkit" value="sun.lwawt.macosx.LWCToolkit"/>
    <property name="file.encoding.pkg" value="sun.io"/>
    <property name="java.specification.version" value="1.8"/>
    <property name="sun.cpu.isalist" value=""/>
    <property name="sun.jnu.encoding" value="UTF-8"/>
    <property name="java.class.path" value="/Users/shantanu.jain/Desktop/APITest/target/test-classes:/Users/shantanu.jain/Desktop/APITest/target/classes:/Users/shantanu.jain/.m2/repository/org/testng/testng/6.14.3/testng-6.14.3.jar:/Users/shantanu.jain/.m2/repository/com/beust/jcommander/1.72/jcommander-1.72.jar:/Users/shantanu.jain/.m2/repository/org/apache-extras/beanshell/bsh/2.0b6/bsh-2.0b6.jar:/Users/shantanu.jain/.m2/repository/io/rest-assured/rest-assured/3.0.3/rest-assured-3.0.3.jar:/Users/shantanu.jain/.m2/repository/org/codehaus/groovy/groovy/2.4.9/groovy-2.4.9.jar:/Users/shantanu.jain/.m2/repository/org/codehaus/groovy/groovy-xml/2.4.9/groovy-xml-2.4.9.jar:/Users/shantanu.jain/.m2/repository/org/apache/httpcomponents/httpclient/4.5.2/httpclient-4.5.2.jar:/Users/shantanu.jain/.m2/repository/org/apache/httpcomponents/httpcore/4.4.4/httpcore-4.4.4.jar:/Users/shantanu.jain/.m2/repository/commons-logging/commons-logging/1.2/commons-logging-1.2.jar:/Users/shantanu.jain/.m2/repository/org/apache/httpcomponents/httpmime/4.5.1/httpmime-4.5.1.jar:/Users/shantanu.jain/.m2/repository/org/hamcrest/hamcrest-core/1.3/hamcrest-core-1.3.jar:/Users/shantanu.jain/.m2/repository/org/hamcrest/hamcrest-library/1.3/hamcrest-library-1.3.jar:/Users/shantanu.jain/.m2/repository/org/ccil/cowan/tagsoup/tagsoup/1.2.1/tagsoup-1.2.1.jar:/Users/shantanu.jain/.m2/repository/io/rest-assured/json-path/3.0.3/json-path-3.0.3.jar:/Users/shantanu.jain/.m2/repository/org/codehaus/groovy/groovy-json/2.4.9/groovy-json-2.4.9.jar:/Users/shantanu.jain/.m2/repository/io/rest-assured/rest-assured-common/3.0.3/rest-assured-common-3.0.3.jar:/Users/shantanu.jain/.m2/repository/io/rest-assured/xml-path/3.0.3/xml-path-3.0.3.jar:/Users/shantanu.jain/.m2/repository/org/apache/commons/commons-lang3/3.4/commons-lang3-3.4.jar:/Users/shantanu.jain/.m2/repository/org/apache/poi/poi/4.0.1/poi-4.0.1.jar:/Users/shantanu.jain/.m2/repository/commons-codec/commons-codec/1.11/commons-codec-1.11.jar:/Users/shantanu.jain/.m2/repository/org/apache/commons/commons-collections4/4.2/commons-collections4-4.2.jar:/Users/shantanu.jain/.m2/repository/org/apache/commons/commons-math3/3.6.1/commons-math3-3.6.1.jar:/Users/shantanu.jain/.m2/repository/net/sourceforge/jexcelapi/jxl/2.6.12/jxl-2.6.12.jar:/Users/shantanu.jain/.m2/repository/log4j/log4j/1.2.14/log4j-1.2.14.jar:/Users/shantanu.jain/.m2/repository/org/json/json/20160810/json-20160810.jar:/Users/shantanu.jain/.m2/repository/com/google/code/gson/gson/2.8.0/gson-2.8.0.jar:"/>
    <property name="java.vm.vendor" value="Oracle Corporation"/>
    <property name="sun.arch.data.model" value="64"/>
    <property name="java.vendor.url" value="http://java.oracle.com/"/>
    <property name="user.timezone" value=""/>
    <property name="user.country.format" value="IN"/>
    <property name="java.vm.specification.version" value="1.8"/>
    <property name="os.name" value="Mac OS X"/>
    <property name="user.country" value="US"/>
    <property name="sun.java.launcher" value="SUN_STANDARD"/>
    <property name="sun.boot.library.path" value="/Library/Java/JavaVirtualMachines/jdk1.8.0_66.jdk/Contents/Home/jre/lib"/>
    <property name="sun.java.command" value="/Users/shantanu.jain/Desktop/APITest/target/surefire/surefirebooter4235668326597193655.jar /Users/shantanu.jain/Desktop/APITest/target/surefire 2019-01-25T20-30-35_851-jvmRun1 surefire2576011148267801055tmp surefire_03199145203860380039tmp"/>
    <property name="surefire.test.class.path" value="/Users/shantanu.jain/Desktop/APITest/target/test-classes:/Users/shantanu.jain/Desktop/APITest/target/classes:/Users/shantanu.jain/.m2/repository/org/testng/testng/6.14.3/testng-6.14.3.jar:/Users/shantanu.jain/.m2/repository/com/beust/jcommander/1.72/jcommander-1.72.jar:/Users/shantanu.jain/.m2/repository/org/apache-extras/beanshell/bsh/2.0b6/bsh-2.0b6.jar:/Users/shantanu.jain/.m2/repository/io/rest-assured/rest-assured/3.0.3/rest-assured-3.0.3.jar:/Users/shantanu.jain/.m2/repository/org/codehaus/groovy/groovy/2.4.9/groovy-2.4.9.jar:/Users/shantanu.jain/.m2/repository/org/codehaus/groovy/groovy-xml/2.4.9/groovy-xml-2.4.9.jar:/Users/shantanu.jain/.m2/repository/org/apache/httpcomponents/httpclient/4.5.2/httpclient-4.5.2.jar:/Users/shantanu.jain/.m2/repository/org/apache/httpcomponents/httpcore/4.4.4/httpcore-4.4.4.jar:/Users/shantanu.jain/.m2/repository/commons-logging/commons-logging/1.2/commons-logging-1.2.jar:/Users/shantanu.jain/.m2/repository/org/apache/httpcomponents/httpmime/4.5.1/httpmime-4.5.1.jar:/Users/shantanu.jain/.m2/repository/org/hamcrest/hamcrest-core/1.3/hamcrest-core-1.3.jar:/Users/shantanu.jain/.m2/repository/org/hamcrest/hamcrest-library/1.3/hamcrest-library-1.3.jar:/Users/shantanu.jain/.m2/repository/org/ccil/cowan/tagsoup/tagsoup/1.2.1/tagsoup-1.2.1.jar:/Users/shantanu.jain/.m2/repository/io/rest-assured/json-path/3.0.3/json-path-3.0.3.jar:/Users/shantanu.jain/.m2/repository/org/codehaus/groovy/groovy-json/2.4.9/groovy-json-2.4.9.jar:/Users/shantanu.jain/.m2/repository/io/rest-assured/rest-assured-common/3.0.3/rest-assured-common-3.0.3.jar:/Users/shantanu.jain/.m2/repository/io/rest-assured/xml-path/3.0.3/xml-path-3.0.3.jar:/Users/shantanu.jain/.m2/repository/org/apache/commons/commons-lang3/3.4/commons-lang3-3.4.jar:/Users/shantanu.jain/.m2/repository/org/apache/poi/poi/4.0.1/poi-4.0.1.jar:/Users/shantanu.jain/.m2/repository/commons-codec/commons-codec/1.11/commons-codec-1.11.jar:/Users/shantanu.jain/.m2/repository/org/apache/commons/commons-collections4/4.2/commons-collections4-4.2.jar:/Users/shantanu.jain/.m2/repository/org/apache/commons/commons-math3/3.6.1/commons-math3-3.6.1.jar:/Users/shantanu.jain/.m2/repository/net/sourceforge/jexcelapi/jxl/2.6.12/jxl-2.6.12.jar:/Users/shantanu.jain/.m2/repository/log4j/log4j/1.2.14/log4j-1.2.14.jar:/Users/shantanu.jain/.m2/repository/org/json/json/20160810/json-20160810.jar:/Users/shantanu.jain/.m2/repository/com/google/code/gson/gson/2.8.0/gson-2.8.0.jar:"/>
    <property name="sun.cpu.endian" value="little"/>
    <property name="user.home" value="/Users/shantanu.jain"/>
    <property name="user.language" value="en"/>
    <property name="java.specification.vendor" value="Oracle Corporation"/>
    <property name="java.home" value="/Library/Java/JavaVirtualMachines/jdk1.8.0_66.jdk/Contents/Home/jre"/>
    <property name="basedir" value="/Users/shantanu.jain/Desktop/APITest"/>
    <property name="file.separator" value="/"/>
    <property name="line.separator" value="&#10;"/>
    <property name="java.vm.specification.vendor" value="Oracle Corporation"/>
    <property name="java.specification.name" value="Java Platform API Specification"/>
    <property name="java.awt.graphicsenv" value="sun.awt.CGraphicsEnvironment"/>
    <property name="surefire.real.class.path" value="/Users/shantanu.jain/Desktop/APITest/target/surefire/surefirebooter4235668326597193655.jar"/>
    <property name="sun.boot.class.path" value="/Library/Java/JavaVirtualMachines/jdk1.8.0_66.jdk/Contents/Home/jre/lib/resources.jar:/Library/Java/JavaVirtualMachines/jdk1.8.0_66.jdk/Contents/Home/jre/lib/rt.jar:/Library/Java/JavaVirtualMachines/jdk1.8.0_66.jdk/Contents/Home/jre/lib/sunrsasign.jar:/Library/Java/JavaVirtualMachines/jdk1.8.0_66.jdk/Contents/Home/jre/lib/jsse.jar:/Library/Java/JavaVirtualMachines/jdk1.8.0_66.jdk/Contents/Home/jre/lib/jce.jar:/Library/Java/JavaVirtualMachines/jdk1.8.0_66.jdk/Contents/Home/jre/lib/charsets.jar:/Library/Java/JavaVirtualMachines/jdk1.8.0_66.jdk/Contents/Home/jre/lib/jfr.jar:/Library/Java/JavaVirtualMachines/jdk1.8.0_66.jdk/Contents/Home/jre/classes"/>
    <property name="sun.management.compiler" value="HotSpot 64-Bit Tiered Compilers"/>
    <property name="java.runtime.version" value="1.8.0_66-b17"/>
    <property name="user.name" value="shantanu.jain"/>
    <property name="path.separator" value=":"/>
    <property name="os.version" value="10.12.6"/>
    <property name="java.endorsed.dirs" value="/Library/Java/JavaVirtualMachines/jdk1.8.0_66.jdk/Contents/Home/jre/lib/endorsed"/>
    <property name="java.runtime.name" value="Java(TM) SE Runtime Environment"/>
    <property name="file.encoding" value="US-ASCII"/>
    <property name="java.vm.name" value="Java HotSpot(TM) 64-Bit Server VM"/>
    <property name="localRepository" value="/Users/shantanu.jain/.m2/repository"/>
    <property name="java.vendor.url.bug" value="http://bugreport.sun.com/bugreport/"/>
    <property name="java.io.tmpdir" value="/var/folders/qb/gfwt8pdx2zj3rqc7vs527d80xdxvl9/T/"/>
    <property name="java.version" value="1.8.0_66"/>
    <property name="user.dir" value="/Users/shantanu.jain/Desktop/APITest"/>
    <property name="SuiteXML" value="testng"/>
    <property name="os.arch" value="x86_64"/>
    <property name="java.vm.specification.name" value="Java Virtual Machine Specification"/>
    <property name="java.awt.printerjob" value="sun.lwawt.macosx.CPrinterJob"/>
    <property name="sun.os.patch.level" value="unknown"/>
    <property name="java.library.path" value="/Users/shantanu.jain/Library/Java/Extensions:/Library/Java/Extensions:/Network/Library/Java/Extensions:/System/Library/Java/Extensions:/usr/lib/java:."/>
    <property name="java.vm.info" value="mixed mode"/>
    <property name="java.vendor" value="Oracle Corporation"/>
    <property name="java.vm.version" value="25.66-b17"/>
    <property name="java.ext.dirs" value="/Users/shantanu.jain/Library/Java/Extensions:/Library/Java/JavaVirtualMachines/jdk1.8.0_66.jdk/Contents/Home/jre/lib/ext:/Library/Java/Extensions:/Network/Library/Java/Extensions:/System/Library/Java/Extensions:/usr/lib/java"/>
    <property name="sun.io.unicode.encoding" value="UnicodeBig"/>
    <property name="java.class.version" value="52.0"/>
  </properties>
  <testcase name="createUser" classname="com.apitest.Segment.UserTest" time="0.93"/>
  <testcase name="createUser" classname="com.apitest.Segment.UserTest" time="0.894"/>
  <testcase name="createUser" classname="com.apitest.Segment.UserTest" time="0.939"/>
  <testcase name="createUser" classname="com.apitest.Segment.UserTest" time="0.883"/>
  <testcase name="createUser" classname="com.apitest.Segment.UserTest" time="0.894"/>
  <testcase name="getAllUser" classname="com.apitest.Segment.UserTest" time="0.512"/>
  <testcase name="getUserDetail" classname="com.apitest.Segment.UserTest" time="0.9"/>
  <testcase name="getUserDetail" classname="com.apitest.Segment.UserTest" time="0.903">
    <failure message="expected [200] but found [404]" type="java.lang.AssertionError">java.lang.AssertionError: expected [200] but found [404]
	at com.apitest.Segment.UserTest.getUserDetail(UserTest.java:65)
</failure>
    <system-out><![CDATA[
Request method:	GET
Request URI:	https://inst-hgklvweuuaulootzjjnmusbk-pmwfvt.ep.rapyuta.io/user/shan
Proxy:			<none>
Request params:	<none>
Query params:	<none>
Form params:	<none>
Path params:	<none>
Headers:		Authorization=Bearer JMIHYBVWJZ
				Accept=*/*
				Content-Type=application/json; charset=UTF-8
Cookies:		<none>
Multiparts:		<none>
Body:			<none>
{
    "message": "user not found"
}
]]></system-out>
  </testcase>
  <testcase name="getUserDetail" classname="com.apitest.Segment.UserTest" time="0.897"/>
  <testcase name="getUserDetail" classname="com.apitest.Segment.UserTest" time="0.514"/>
  <testcase name="getUserDetail" classname="com.apitest.Segment.UserTest" time="0.521">
    <failure message="expected [200] but found [404]" type="java.lang.AssertionError">java.lang.AssertionError: expected [200] but found [404]
	at com.apitest.Segment.UserTest.getUserDetail(UserTest.java:65)
</failure>
    <system-out><![CDATA[
Request method:	GET
Request URI:	https://inst-hgklvweuuaulootzjjnmusbk-pmwfvt.ep.rapyuta.io/user/shanaj
Proxy:			<none>
Request params:	<none>
Query params:	<none>
Form params:	<none>
Path params:	<none>
Headers:		Authorization=Bearer JMIHYBVWJZ
				Accept=*/*
				Content-Type=application/json; charset=UTF-8
Cookies:		<none>
Multiparts:		<none>
Body:			<none>
{
    "message": "user not found"
}
]]></system-out>
  </testcase>
</testsuite>